mode: set
github.com/bboortz/go-rsslib/rssitem.go:20.32,22.2 1 0
github.com/bboortz/go-rsslib/rssitem.go:24.53,25.21 1 1
github.com/bboortz/go-rsslib/rssitem.go:33.2,33.13 1 1
github.com/bboortz/go-rsslib/rssitem.go:25.21,27.3 1 1
github.com/bboortz/go-rsslib/rssitem.go:27.3,27.45 1 1
github.com/bboortz/go-rsslib/rssitem.go:27.45,29.3 1 1
github.com/bboortz/go-rsslib/rssitem.go:29.3,29.45 1 1
github.com/bboortz/go-rsslib/rssitem.go:29.45,31.3 1 1
github.com/bboortz/go-rsslib/rssitem.go:36.44,37.20 1 1
github.com/bboortz/go-rsslib/rssitem.go:55.2,55.13 1 1
github.com/bboortz/go-rsslib/rssitem.go:37.20,39.3 1 1
github.com/bboortz/go-rsslib/rssitem.go:39.3,39.31 1 1
github.com/bboortz/go-rsslib/rssitem.go:39.31,41.3 1 1
github.com/bboortz/go-rsslib/rssitem.go:41.3,41.37 1 1
github.com/bboortz/go-rsslib/rssitem.go:41.37,43.3 1 1
github.com/bboortz/go-rsslib/rssitem.go:43.3,43.33 1 1
github.com/bboortz/go-rsslib/rssitem.go:43.33,45.3 1 1
github.com/bboortz/go-rsslib/rssitem.go:45.3,45.31 1 1
github.com/bboortz/go-rsslib/rssitem.go:45.31,47.3 1 1
github.com/bboortz/go-rsslib/rssitem.go:47.3,47.45 1 1
github.com/bboortz/go-rsslib/rssitem.go:47.45,49.3 1 1
github.com/bboortz/go-rsslib/rssitem.go:49.3,49.41 1 1
github.com/bboortz/go-rsslib/rssitem.go:49.41,51.3 1 1
github.com/bboortz/go-rsslib/rssitem.go:51.3,51.43 1 1
github.com/bboortz/go-rsslib/rssitem.go:51.43,53.3 1 1
github.com/bboortz/go-rsslib/rssitem.go:58.36,59.20 1 1
github.com/bboortz/go-rsslib/rssitem.go:59.20,61.3 1 1
github.com/bboortz/go-rsslib/rssitem.go:61.3,61.31 1 1
github.com/bboortz/go-rsslib/rssitem.go:61.31,63.3 1 1
github.com/bboortz/go-rsslib/rssitem.go:63.3,63.37 1 1
github.com/bboortz/go-rsslib/rssitem.go:63.37,65.3 1 1
github.com/bboortz/go-rsslib/rssitem.go:65.3,65.33 1 1
github.com/bboortz/go-rsslib/rssitem.go:65.33,67.3 1 1
github.com/bboortz/go-rsslib/rssitem.go:67.3,67.31 1 1
github.com/bboortz/go-rsslib/rssitem.go:67.31,69.3 1 1
github.com/bboortz/go-rsslib/rssitem.go:69.3,69.45 1 1
github.com/bboortz/go-rsslib/rssitem.go:69.45,71.3 1 1
github.com/bboortz/go-rsslib/rssitem.go:71.3,71.41 1 1
github.com/bboortz/go-rsslib/rssitem.go:71.41,73.3 1 1
github.com/bboortz/go-rsslib/rssitem.go:73.3,73.45 1 1
github.com/bboortz/go-rsslib/rssitem.go:73.45,75.3 1 1
github.com/bboortz/go-rsslib/rssitem.go:75.3,75.43 1 1
github.com/bboortz/go-rsslib/rssitem.go:75.43,77.3 1 1
github.com/bboortz/go-rsslib/rssitem.go:77.3,79.3 1 1
